2022-02-06 21:25:02,740:INFO:PyCaret Supervised Module
2022-02-06 21:25:02,741:INFO:ML Usecase: classification
2022-02-06 21:25:02,741:INFO:version 2.3.6
2022-02-06 21:25:02,741:INFO:Initializing setup()
2022-02-06 21:25:02,741:INFO:setup(target=turnover, ml_usecase=classification, available_plots={'parameter': 'Hyperparameters', 'auc': 'AUC', 'confusion_matrix': 'Confusion Matrix', 'threshold': 'Threshold', 'pr': 'Precision Recall', 'error': 'Prediction Error', 'class_report': 'Class Report', 'rfe': 'Feature Selection', 'learning': 'Learning Curve', 'manifold': 'Manifold Learning', 'calibration': 'Calibration Curve', 'vc': 'Validation Curve', 'dimension': 'Dimensions', 'feature': 'Feature Importance', 'feature_all': 'Feature Importance (All)', 'boundary': 'Decision Boundary', 'lift': 'Lift Chart', 'gain': 'Gain Chart', 'tree': 'Decision Tree', 'ks': 'KS Statistic Plot'}, train_size=0.7, test_data=None, preprocess=True, imputation_type=simple, iterative_imputation_iters=5, categorical_features=None, categorical_imputation=constant, categorical_iterative_imputer=lightgbm, ordinal_features=None, high_cardinality_features=None, high_cardinality_method=frequency, numeric_features=['yearsAtCompany'], numeric_imputation=mean, numeric_iterative_imputer=lightgbm, date_features=None, ignore_features=None, normalize=True, normalize_method=minmax, transformation=False, transformation_method=yeo-johnson, handle_unknown_categorical=True, unknown_categorical_method=least_frequent, pca=False, pca_method=linear, pca_components=None, ignore_low_variance=False, combine_rare_levels=False, rare_level_threshold=0.1, bin_numeric_features=None, remove_outliers=False, outliers_threshold=0.05, remove_multicollinearity=False, multicollinearity_threshold=0.9, remove_perfect_collinearity=True, create_clusters=False, cluster_iter=20, polynomial_features=False, polynomial_degree=2, trigonometry_features=False, polynomial_threshold=0.1, group_features=None, group_names=None, feature_selection=False, feature_selection_threshold=0.8, feature_selection_method=classic, feature_interaction=False, feature_ratio=False, interaction_threshold=0.01, fix_imbalance=True, fix_imbalance_method=None, transform_target=False, transform_target_method=box-cox, data_split_shuffle=True, data_split_stratify=True, fold_strategy=stratifiedkfold, fold=10, fold_shuffle=False, fold_groups=None, n_jobs=-1, use_gpu=True, custom_pipeline=None, html=True, session_id=None, log_experiment=False, experiment_name=None, log_plots=False, log_profile=False, log_data=False, silent=False, verbose=True, profile=False, profile_kwargs=None, display=None)
2022-02-06 21:25:02,742:INFO:Checking environment
2022-02-06 21:25:02,742:INFO:python_version: 3.8.12
2022-02-06 21:25:02,742:INFO:python_build: ('default', 'Oct 12 2021 03:01:40')
2022-02-06 21:25:02,742:INFO:machine: AMD64
2022-02-06 21:25:02,742:INFO:platform: Windows-10-10.0.19044-SP0
2022-02-06 21:25:02,759:INFO:Memory: svmem(total=8490409984, available=588267520, percent=93.1, used=7902142464, free=588267520)
2022-02-06 21:25:02,759:INFO:Physical Core: 4
2022-02-06 21:25:02,760:INFO:Logical Core: 4
2022-02-06 21:25:02,760:INFO:Checking libraries
2022-02-06 21:25:02,760:INFO:pd==1.4.0
2022-02-06 21:25:02,760:INFO:numpy==1.19.5
2022-02-06 21:25:02,760:INFO:sklearn==0.23.2
2022-02-06 21:25:02,760:INFO:lightgbm==3.3.2
2022-02-06 21:25:04,725:INFO:catboost==1.0.4
2022-02-06 21:25:05,483:INFO:xgboost==1.5.2
2022-02-06 21:25:08,135:INFO:mlflow==1.23.1
2022-02-06 21:25:08,135:INFO:Checking Exceptions
2022-02-06 21:25:08,151:INFO:Declaring global variables
2022-02-06 21:25:08,151:INFO:USI: 5844
2022-02-06 21:25:08,151:INFO:pycaret_globals: {'transform_target_method_param', 'display_container', 'stratify_param', 'fix_imbalance_method_param', 'n_jobs_param', 'fold_param', 'fold_shuffle_param', 'y_train', 'exp_name_log', 'log_plots_param', 'imputation_classifier', '_ml_usecase', 'X_test', 'target_param', 'html_param', 'gpu_param', '_all_models_internal', 'data_before_preprocess', 'X_train', 'prep_pipe', 'fold_generator', 'imputation_regressor', 'USI', 'y', 'seed', 'experiment__', 'master_model_container', 'iterative_imputation_iters_param', 'fix_imbalance_param', 'X', 'create_model_container', '_all_models', 'y_test', '_available_plots', 'transform_target_param', 'fold_groups_param', 'pycaret_globals', '_gpu_n_jobs_param', 'logging_param', '_all_metrics', '_internal_pipeline', 'fold_groups_param_full'}
2022-02-06 21:25:08,151:INFO:Preparing display monitor
2022-02-06 21:25:08,151:INFO:Preparing display monitor
2022-02-06 21:25:08,167:INFO:Importing libraries
2022-02-06 21:25:08,167:INFO:Copying data for preprocessing
2022-02-06 21:25:08,182:INFO:Declaring preprocessing parameters
2022-02-06 21:25:08,182:WARNING:cuML not found
2022-02-06 21:25:08,182:WARNING:cuML is outdated or not found. Required version is >=0.15, got 1.5.2
2022-02-06 21:25:08,182:INFO:Creating preprocessing pipeline
2022-02-06 21:25:08,196:INFO:Preprocessing pipeline created successfully
2022-02-06 21:25:08,196:ERROR:(Process Exit): setup has been interupted with user command 'quit'. setup must rerun.
2022-02-06 21:25:08,197:INFO:Creating global containers
2022-02-06 21:25:08,199:INFO:Internal pipeline: Pipeline(memory=None,
         steps=[('fix_imbalance',
                 SMOTE(k_neighbors=5, n_jobs=None, random_state=6041,
                       sampling_strategy='auto'))],
         verbose=False)
2022-02-06 21:25:51,143:WARNING:Couldn't import cuml.linear_model.LogisticRegression
2022-02-06 21:25:51,288:WARNING:Couldn't import cuml.neighbors.KNeighborsClassifier
2022-02-06 21:25:51,306:WARNING:Couldn't import cuml.MBSGDClassifier
2022-02-06 21:25:51,306:WARNING:Couldn't import cuml.svm.SVC
2022-02-06 21:25:51,522:WARNING:Couldn't import cuml.linear_model
2022-02-06 21:25:51,522:WARNING:Couldn't import cuml.ensemble
2022-02-06 21:26:12,793:WARNING:Couldn't import cuml.linear_model.LogisticRegression
2022-02-06 21:26:12,925:WARNING:Couldn't import cuml.neighbors.KNeighborsClassifier
2022-02-06 21:26:12,925:WARNING:Couldn't import cuml.MBSGDClassifier
2022-02-06 21:26:12,925:WARNING:Couldn't import cuml.svm.SVC
2022-02-06 21:26:12,982:WARNING:Couldn't import cuml.linear_model
2022-02-06 21:26:12,998:WARNING:Couldn't import cuml.ensemble
2022-02-06 21:26:13,529:INFO:Creating grid variables
2022-02-06 21:26:13,579:INFO:create_model_container: 0
2022-02-06 21:26:13,579:INFO:master_model_container: 0
2022-02-06 21:26:13,580:INFO:display_container: 1
2022-02-06 21:26:13,597:INFO:Pipeline(memory=None,
         steps=[('dtypes',
                 DataTypes_Auto_infer(categorical_features=[],
                                      display_types=True, features_todrop=[],
                                      id_columns=[],
                                      ml_usecase='classification',
                                      numerical_features=['yearsAtCompany'],
                                      target='turnover', time_features=[])),
                ('imputer',
                 Simple_Imputer(categorical_strategy='not_available',
                                fill_value_categorical=None,
                                fill_value_numerical=...
                ('P_transform', 'passthrough'), ('binn', 'passthrough'),
                ('rem_outliers', 'passthrough'), ('cluster_all', 'passthrough'),
                ('dummy', Dummify(target='turnover')),
                ('fix_perfect', Remove_100(target='turnover')),
                ('clean_names', Clean_Colum_Names()),
                ('feature_select', 'passthrough'), ('fix_multi', 'passthrough'),
                ('dfs', 'passthrough'), ('pca', 'passthrough')],
         verbose=False)
2022-02-06 21:26:13,597:INFO:setup() succesfully completed......................................
2022-02-06 21:26:13,730:INFO:Initializing compare_models()
2022-02-06 21:26:13,730:INFO:compare_models(include=None, fold=5, round=4, cross_validation=True, sort=AUC, n_select=1, budget_time=None, turbo=True, errors=ignore, fit_kwargs=None, groups=None, probability_threshold=None, verbose=True, display=None, exclude=None)
2022-02-06 21:26:13,730:INFO:Checking exceptions
2022-02-06 21:26:13,730:INFO:Preparing display monitor
2022-02-06 21:26:13,730:INFO:Preparing display monitor
2022-02-06 21:26:13,793:INFO:Initializing Logistic Regression
2022-02-06 21:26:13,793:INFO:Total runtime is 0.0 minutes
2022-02-06 21:26:13,811:INFO:SubProcess create_model() called ==================================
2022-02-06 21:26:13,812:INFO:Initializing create_model()
2022-02-06 21:26:13,812:INFO:create_model(estimator=lr, fold=StratifiedKFold(n_splits=5, random_state=None, shuffle=False), round=4, cross_validation=True, predict=True, fit_kwargs={}, groups=None, refit=False, verbose=False, system=False, metrics=None, add_to_model_list=True, probability_threshold=None, display=<pycaret.internal.Display.Display object at 0x00000183166348E0>, kwargs={})
2022-02-06 21:26:13,812:INFO:Checking exceptions
2022-02-06 21:26:13,813:INFO:Importing libraries
2022-02-06 21:26:13,813:INFO:Copying training dataset
2022-02-06 21:26:13,814:INFO:Defining folds
2022-02-06 21:26:13,815:INFO:Declaring metric variables
2022-02-06 21:26:13,830:INFO:Importing untrained model
2022-02-06 21:26:13,848:INFO:Logistic Regression Imported succesfully
2022-02-06 21:26:13,880:INFO:Starting cross validation
2022-02-06 21:26:13,882:INFO:Cross validating with StratifiedKFold(n_splits=5, random_state=None, shuffle=False), n_jobs=1
2022-02-06 21:26:14,831:INFO:Calculating mean and std
2022-02-06 21:26:14,831:INFO:Creating metrics dataframe
2022-02-06 21:26:15,016:INFO:Uploading results into container
2022-02-06 21:26:15,016:INFO:Uploading model into container now
2022-02-06 21:26:15,016:INFO:create_model_container: 1
2022-02-06 21:26:15,016:INFO:master_model_container: 1
2022-02-06 21:26:15,017:INFO:display_container: 2
2022-02-06 21:26:15,017:INFO:LogisticRegression(C=1.0, class_weight=None, dual=False, fit_intercept=True,
                   intercept_scaling=1, l1_ratio=None, max_iter=1000,
                   multi_class='auto', n_jobs=None, penalty='l2',
                   random_state=6041, solver='lbfgs', tol=0.0001, verbose=0,
                   warm_start=False)
2022-02-06 21:26:15,018:INFO:create_model() succesfully completed......................................
2022-02-06 21:26:15,098:INFO:SubProcess create_model() end ==================================
2022-02-06 21:26:15,098:INFO:Creating metrics dataframe
2022-02-06 21:26:15,145:INFO:Initializing K Neighbors Classifier
2022-02-06 21:26:15,145:INFO:Total runtime is 0.022535228729248048 minutes
2022-02-06 21:26:15,166:INFO:SubProcess create_model() called ==================================
2022-02-06 21:26:15,167:INFO:Initializing create_model()
2022-02-06 21:26:15,167:INFO:create_model(estimator=knn, fold=StratifiedKFold(n_splits=5, random_state=None, shuffle=False), round=4, cross_validation=True, predict=True, fit_kwargs={}, groups=None, refit=False, verbose=False, system=False, metrics=None, add_to_model_list=True, probability_threshold=None, display=<pycaret.internal.Display.Display object at 0x00000183166348E0>, kwargs={})
2022-02-06 21:26:15,168:INFO:Checking exceptions
2022-02-06 21:26:15,168:INFO:Importing libraries
2022-02-06 21:26:15,168:INFO:Copying training dataset
2022-02-06 21:26:15,169:INFO:Defining folds
2022-02-06 21:26:15,170:INFO:Declaring metric variables
2022-02-06 21:26:15,192:INFO:Importing untrained model
2022-02-06 21:26:15,209:INFO:K Neighbors Classifier Imported succesfully
2022-02-06 21:26:15,239:INFO:Starting cross validation
2022-02-06 21:26:15,241:INFO:Cross validating with StratifiedKFold(n_splits=5, random_state=None, shuffle=False), n_jobs=1
2022-02-06 21:26:24,238:INFO:Calculating mean and std
2022-02-06 21:26:24,238:INFO:Creating metrics dataframe
2022-02-06 21:26:24,294:INFO:Uploading results into container
2022-02-06 21:26:24,294:INFO:Uploading model into container now
2022-02-06 21:26:24,294:INFO:create_model_container: 2
2022-02-06 21:26:24,294:INFO:master_model_container: 2
2022-02-06 21:26:24,294:INFO:display_container: 2
2022-02-06 21:26:24,294:INFO:KNeighborsClassifier(algorithm='auto', leaf_size=30, metric='minkowski',
                     metric_params=None, n_jobs=-1, n_neighbors=5, p=2,
                     weights='uniform')
2022-02-06 21:26:24,294:INFO:create_model() succesfully completed......................................
2022-02-06 21:26:24,392:INFO:SubProcess create_model() end ==================================
2022-02-06 21:26:24,392:INFO:Creating metrics dataframe
2022-02-06 21:26:24,439:INFO:Initializing Naive Bayes
2022-02-06 21:26:24,439:INFO:Total runtime is 0.17743596235911052 minutes
2022-02-06 21:26:24,460:INFO:SubProcess create_model() called ==================================
2022-02-06 21:26:24,460:INFO:Initializing create_model()
2022-02-06 21:26:24,461:INFO:create_model(estimator=nb, fold=StratifiedKFold(n_splits=5, random_state=None, shuffle=False), round=4, cross_validation=True, predict=True, fit_kwargs={}, groups=None, refit=False, verbose=False, system=False, metrics=None, add_to_model_list=True, probability_threshold=None, display=<pycaret.internal.Display.Display object at 0x00000183166348E0>, kwargs={})
2022-02-06 21:26:24,461:INFO:Checking exceptions
2022-02-06 21:26:24,461:INFO:Importing libraries
2022-02-06 21:26:24,461:INFO:Copying training dataset
2022-02-06 21:26:24,462:INFO:Defining folds
2022-02-06 21:26:24,462:INFO:Declaring metric variables
2022-02-06 21:26:24,484:INFO:Importing untrained model
2022-02-06 21:26:24,501:INFO:Naive Bayes Imported succesfully
2022-02-06 21:26:24,532:INFO:Starting cross validation
2022-02-06 21:26:24,533:INFO:Cross validating with StratifiedKFold(n_splits=5, random_state=None, shuffle=False), n_jobs=1
2022-02-06 21:26:24,783:INFO:Calculating mean and std
2022-02-06 21:26:24,783:INFO:Creating metrics dataframe
2022-02-06 21:26:24,860:INFO:Uploading results into container
2022-02-06 21:26:24,860:INFO:Uploading model into container now
2022-02-06 21:26:24,860:INFO:create_model_container: 3
2022-02-06 21:26:24,860:INFO:master_model_container: 3
2022-02-06 21:26:24,860:INFO:display_container: 2
2022-02-06 21:26:24,860:INFO:GaussianNB(priors=None, var_smoothing=1e-09)
2022-02-06 21:26:24,860:INFO:create_model() succesfully completed......................................
2022-02-06 21:26:24,943:INFO:SubProcess create_model() end ==================================
2022-02-06 21:26:24,943:INFO:Creating metrics dataframe
2022-02-06 21:26:24,990:INFO:Initializing Decision Tree Classifier
2022-02-06 21:26:24,990:INFO:Total runtime is 0.18662265141805015 minutes
2022-02-06 21:26:25,014:INFO:SubProcess create_model() called ==================================
2022-02-06 21:26:25,015:INFO:Initializing create_model()
2022-02-06 21:26:25,015:INFO:create_model(estimator=dt, fold=StratifiedKFold(n_splits=5, random_state=None, shuffle=False), round=4, cross_validation=True, predict=True, fit_kwargs={}, groups=None, refit=False, verbose=False, system=False, metrics=None, add_to_model_list=True, probability_threshold=None, display=<pycaret.internal.Display.Display object at 0x00000183166348E0>, kwargs={})
2022-02-06 21:26:25,015:INFO:Checking exceptions
2022-02-06 21:26:25,016:INFO:Importing libraries
2022-02-06 21:26:25,016:INFO:Copying training dataset
2022-02-06 21:26:25,018:INFO:Defining folds
2022-02-06 21:26:25,018:INFO:Declaring metric variables
2022-02-06 21:26:25,047:INFO:Importing untrained model
2022-02-06 21:26:25,063:INFO:Decision Tree Classifier Imported succesfully
2022-02-06 21:26:25,093:INFO:Starting cross validation
2022-02-06 21:26:25,095:INFO:Cross validating with StratifiedKFold(n_splits=5, random_state=None, shuffle=False), n_jobs=1
2022-02-06 21:26:25,532:INFO:Calculating mean and std
2022-02-06 21:26:25,532:INFO:Creating metrics dataframe
2022-02-06 21:26:25,591:INFO:Uploading results into container
2022-02-06 21:26:25,591:INFO:Uploading model into container now
2022-02-06 21:26:25,591:INFO:create_model_container: 4
2022-02-06 21:26:25,592:INFO:master_model_container: 4
2022-02-06 21:26:25,592:INFO:display_container: 2
2022-02-06 21:26:25,592:INFO:DecisionTreeClassifier(ccp_alpha=0.0, class_weight=None, criterion='gini',
                       max_depth=None, max_features=None, max_leaf_nodes=None,
                       min_impurity_decrease=0.0, min_impurity_split=None,
                       min_samples_leaf=1, min_samples_split=2,
                       min_weight_fraction_leaf=0.0, presort='deprecated',
                       random_state=6041, splitter='best')
2022-02-06 21:26:25,593:INFO:create_model() succesfully completed......................................
2022-02-06 21:26:25,677:INFO:SubProcess create_model() end ==================================
2022-02-06 21:26:25,677:INFO:Creating metrics dataframe
2022-02-06 21:26:25,724:INFO:Initializing SVM - Linear Kernel
2022-02-06 21:26:25,724:INFO:Total runtime is 0.19885468482971194 minutes
2022-02-06 21:26:25,740:INFO:SubProcess create_model() called ==================================
2022-02-06 21:26:25,741:INFO:Initializing create_model()
2022-02-06 21:26:25,741:INFO:create_model(estimator=svm, fold=StratifiedKFold(n_splits=5, random_state=None, shuffle=False), round=4, cross_validation=True, predict=True, fit_kwargs={}, groups=None, refit=False, verbose=False, system=False, metrics=None, add_to_model_list=True, probability_threshold=None, display=<pycaret.internal.Display.Display object at 0x00000183166348E0>, kwargs={})
2022-02-06 21:26:25,741:INFO:Checking exceptions
2022-02-06 21:26:25,742:INFO:Importing libraries
2022-02-06 21:26:25,742:INFO:Copying training dataset
2022-02-06 21:26:25,743:INFO:Defining folds
2022-02-06 21:26:25,743:INFO:Declaring metric variables
2022-02-06 21:26:25,762:INFO:Importing untrained model
2022-02-06 21:26:25,778:INFO:SVM - Linear Kernel Imported succesfully
2022-02-06 21:26:25,810:INFO:Starting cross validation
2022-02-06 21:26:25,813:INFO:Cross validating with StratifiedKFold(n_splits=5, random_state=None, shuffle=False), n_jobs=1
2022-02-06 21:26:27,038:INFO:Calculating mean and std
2022-02-06 21:26:27,053:INFO:Creating metrics dataframe
2022-02-06 21:26:27,103:INFO:Uploading results into container
2022-02-06 21:26:27,103:INFO:Uploading model into container now
2022-02-06 21:26:27,103:INFO:create_model_container: 5
2022-02-06 21:26:27,103:INFO:master_model_container: 5
2022-02-06 21:26:27,103:INFO:display_container: 2
2022-02-06 21:26:27,104:INFO:SGDClassifier(alpha=0.0001, average=False, class_weight=None,
              early_stopping=False, epsilon=0.1, eta0=0.001, fit_intercept=True,
              l1_ratio=0.15, learning_rate='optimal', loss='hinge',
              max_iter=1000, n_iter_no_change=5, n_jobs=-1, penalty='l2',
              power_t=0.5, random_state=6041, shuffle=True, tol=0.001,
              validation_fraction=0.1, verbose=0, warm_start=False)
2022-02-06 21:26:27,104:INFO:create_model() succesfully completed......................................
2022-02-06 21:26:27,177:INFO:SubProcess create_model() end ==================================
2022-02-06 21:26:27,177:INFO:Creating metrics dataframe
2022-02-06 21:26:27,230:INFO:Initializing Ridge Classifier
2022-02-06 21:26:27,230:INFO:Total runtime is 0.2239585320154826 minutes
2022-02-06 21:26:27,243:INFO:SubProcess create_model() called ==================================
2022-02-06 21:26:27,244:INFO:Initializing create_model()
2022-02-06 21:26:27,244:INFO:create_model(estimator=ridge, fold=StratifiedKFold(n_splits=5, random_state=None, shuffle=False), round=4, cross_validation=True, predict=True, fit_kwargs={}, groups=None, refit=False, verbose=False, system=False, metrics=None, add_to_model_list=True, probability_threshold=None, display=<pycaret.internal.Display.Display object at 0x00000183166348E0>, kwargs={})
2022-02-06 21:26:27,244:INFO:Checking exceptions
2022-02-06 21:26:27,245:INFO:Importing libraries
2022-02-06 21:26:27,245:INFO:Copying training dataset
2022-02-06 21:26:27,246:INFO:Defining folds
2022-02-06 21:26:27,246:INFO:Declaring metric variables
2022-02-06 21:26:27,260:INFO:Importing untrained model
2022-02-06 21:26:27,276:INFO:Ridge Classifier Imported succesfully
2022-02-06 21:26:27,309:INFO:Starting cross validation
2022-02-06 21:26:27,311:INFO:Cross validating with StratifiedKFold(n_splits=5, random_state=None, shuffle=False), n_jobs=1
2022-02-06 21:26:27,741:INFO:Calculating mean and std
2022-02-06 21:26:27,741:INFO:Creating metrics dataframe
2022-02-06 21:26:27,805:INFO:Uploading results into container
2022-02-06 21:26:27,805:INFO:Uploading model into container now
2022-02-06 21:26:27,805:INFO:create_model_container: 6
2022-02-06 21:26:27,806:INFO:master_model_container: 6
2022-02-06 21:26:27,806:INFO:display_container: 2
2022-02-06 21:26:27,806:INFO:RidgeClassifier(alpha=1.0, class_weight=None, copy_X=True, fit_intercept=True,
                max_iter=None, normalize=False, random_state=6041,
                solver='auto', tol=0.001)
2022-02-06 21:26:27,806:INFO:create_model() succesfully completed......................................
2022-02-06 21:26:27,887:INFO:SubProcess create_model() end ==================================
2022-02-06 21:26:27,887:INFO:Creating metrics dataframe
2022-02-06 21:26:27,933:INFO:Initializing Random Forest Classifier
2022-02-06 21:26:27,934:INFO:Total runtime is 0.23568789561589562 minutes
2022-02-06 21:26:27,946:INFO:SubProcess create_model() called ==================================
2022-02-06 21:26:27,947:INFO:Initializing create_model()
2022-02-06 21:26:27,947:INFO:create_model(estimator=rf, fold=StratifiedKFold(n_splits=5, random_state=None, shuffle=False), round=4, cross_validation=True, predict=True, fit_kwargs={}, groups=None, refit=False, verbose=False, system=False, metrics=None, add_to_model_list=True, probability_threshold=None, display=<pycaret.internal.Display.Display object at 0x00000183166348E0>, kwargs={})
2022-02-06 21:26:27,947:INFO:Checking exceptions
2022-02-06 21:26:27,947:INFO:Importing libraries
2022-02-06 21:26:27,947:INFO:Copying training dataset
2022-02-06 21:26:27,949:INFO:Defining folds
2022-02-06 21:26:27,949:INFO:Declaring metric variables
2022-02-06 21:26:27,962:INFO:Importing untrained model
2022-02-06 21:26:27,980:INFO:Random Forest Classifier Imported succesfully
2022-02-06 21:26:28,011:INFO:Starting cross validation
2022-02-06 21:26:28,013:INFO:Cross validating with StratifiedKFold(n_splits=5, random_state=None, shuffle=False), n_jobs=1
2022-02-06 21:26:35,516:INFO:Calculating mean and std
2022-02-06 21:26:35,532:INFO:Creating metrics dataframe
2022-02-06 21:26:35,583:INFO:Uploading results into container
2022-02-06 21:26:35,584:INFO:Uploading model into container now
2022-02-06 21:26:35,584:INFO:create_model_container: 7
2022-02-06 21:26:35,584:INFO:master_model_container: 7
2022-02-06 21:26:35,584:INFO:display_container: 2
2022-02-06 21:26:35,585:INFO:RandomForestClassifier(bootstrap=True, ccp_alpha=0.0, class_weight=None,
                       criterion='gini', max_depth=None, max_features='auto',
                       max_leaf_nodes=None, max_samples=None,
                       min_impurity_decrease=0.0, min_impurity_split=None,
                       min_samples_leaf=1, min_samples_split=2,
                       min_weight_fraction_leaf=0.0, n_estimators=100,
                       n_jobs=-1, oob_score=False, random_state=6041, verbose=0,
                       warm_start=False)
2022-02-06 21:26:35,585:INFO:create_model() succesfully completed......................................
2022-02-06 21:26:35,667:INFO:SubProcess create_model() end ==================================
2022-02-06 21:26:35,667:INFO:Creating metrics dataframe
2022-02-06 21:26:35,707:INFO:Initializing Quadratic Discriminant Analysis
2022-02-06 21:26:35,707:INFO:Total runtime is 0.3652390003204346 minutes
2022-02-06 21:26:35,731:INFO:SubProcess create_model() called ==================================
2022-02-06 21:26:35,731:INFO:Initializing create_model()
2022-02-06 21:26:35,731:INFO:create_model(estimator=qda, fold=StratifiedKFold(n_splits=5, random_state=None, shuffle=False), round=4, cross_validation=True, predict=True, fit_kwargs={}, groups=None, refit=False, verbose=False, system=False, metrics=None, add_to_model_list=True, probability_threshold=None, display=<pycaret.internal.Display.Display object at 0x00000183166348E0>, kwargs={})
2022-02-06 21:26:35,732:INFO:Checking exceptions
2022-02-06 21:26:35,732:INFO:Importing libraries
2022-02-06 21:26:35,732:INFO:Copying training dataset
2022-02-06 21:26:35,734:INFO:Defining folds
2022-02-06 21:26:35,734:INFO:Declaring metric variables
2022-02-06 21:26:35,750:INFO:Importing untrained model
2022-02-06 21:26:35,768:INFO:Quadratic Discriminant Analysis Imported succesfully
2022-02-06 21:26:35,799:INFO:Starting cross validation
2022-02-06 21:26:35,802:INFO:Cross validating with StratifiedKFold(n_splits=5, random_state=None, shuffle=False), n_jobs=1
2022-02-06 21:26:36,234:INFO:Calculating mean and std
2022-02-06 21:26:36,234:INFO:Creating metrics dataframe
2022-02-06 21:26:36,295:INFO:Uploading results into container
2022-02-06 21:26:36,295:INFO:Uploading model into container now
2022-02-06 21:26:36,296:INFO:create_model_container: 8
2022-02-06 21:26:36,296:INFO:master_model_container: 8
2022-02-06 21:26:36,296:INFO:display_container: 2
2022-02-06 21:26:36,296:INFO:QuadraticDiscriminantAnalysis(priors=None, reg_param=0.0,
                              store_covariance=False, tol=0.0001)
2022-02-06 21:26:36,296:INFO:create_model() succesfully completed......................................
2022-02-06 21:26:36,371:INFO:SubProcess create_model() end ==================================
2022-02-06 21:26:36,371:INFO:Creating metrics dataframe
2022-02-06 21:26:36,424:INFO:Initializing Ada Boost Classifier
2022-02-06 21:26:36,424:INFO:Total runtime is 0.37718799908955897 minutes
2022-02-06 21:26:36,437:INFO:SubProcess create_model() called ==================================
2022-02-06 21:26:36,438:INFO:Initializing create_model()
2022-02-06 21:26:36,438:INFO:create_model(estimator=ada, fold=StratifiedKFold(n_splits=5, random_state=None, shuffle=False), round=4, cross_validation=True, predict=True, fit_kwargs={}, groups=None, refit=False, verbose=False, system=False, metrics=None, add_to_model_list=True, probability_threshold=None, display=<pycaret.internal.Display.Display object at 0x00000183166348E0>, kwargs={})
2022-02-06 21:26:36,438:INFO:Checking exceptions
2022-02-06 21:26:36,438:INFO:Importing libraries
2022-02-06 21:26:36,439:INFO:Copying training dataset
2022-02-06 21:26:36,440:INFO:Defining folds
2022-02-06 21:26:36,440:INFO:Declaring metric variables
2022-02-06 21:26:36,458:INFO:Importing untrained model
2022-02-06 21:26:36,474:INFO:Ada Boost Classifier Imported succesfully
2022-02-06 21:26:36,505:INFO:Starting cross validation
2022-02-06 21:26:36,506:INFO:Cross validating with StratifiedKFold(n_splits=5, random_state=None, shuffle=False), n_jobs=1
2022-02-06 21:26:39,031:INFO:Calculating mean and std
2022-02-06 21:26:39,031:INFO:Creating metrics dataframe
2022-02-06 21:26:39,084:INFO:Uploading results into container
2022-02-06 21:26:39,085:INFO:Uploading model into container now
2022-02-06 21:26:39,085:INFO:create_model_container: 9
2022-02-06 21:26:39,085:INFO:master_model_container: 9
2022-02-06 21:26:39,085:INFO:display_container: 2
2022-02-06 21:26:39,086:INFO:AdaBoostClassifier(algorithm='SAMME.R', base_estimator=None, learning_rate=1.0,
                   n_estimators=50, random_state=6041)
2022-02-06 21:26:39,086:INFO:create_model() succesfully completed......................................
2022-02-06 21:26:39,160:INFO:SubProcess create_model() end ==================================
2022-02-06 21:26:39,160:INFO:Creating metrics dataframe
2022-02-06 21:26:39,206:INFO:Initializing Gradient Boosting Classifier
2022-02-06 21:26:39,206:INFO:Total runtime is 0.4235579570134481 minutes
2022-02-06 21:26:39,227:INFO:SubProcess create_model() called ==================================
2022-02-06 21:26:39,228:INFO:Initializing create_model()
2022-02-06 21:26:39,228:INFO:create_model(estimator=gbc, fold=StratifiedKFold(n_splits=5, random_state=None, shuffle=False), round=4, cross_validation=True, predict=True, fit_kwargs={}, groups=None, refit=False, verbose=False, system=False, metrics=None, add_to_model_list=True, probability_threshold=None, display=<pycaret.internal.Display.Display object at 0x00000183166348E0>, kwargs={})
2022-02-06 21:26:39,228:INFO:Checking exceptions
2022-02-06 21:26:39,228:INFO:Importing libraries
2022-02-06 21:26:39,228:INFO:Copying training dataset
2022-02-06 21:26:39,230:INFO:Defining folds
2022-02-06 21:26:39,230:INFO:Declaring metric variables
2022-02-06 21:26:39,245:INFO:Importing untrained model
2022-02-06 21:26:39,261:INFO:Gradient Boosting Classifier Imported succesfully
2022-02-06 21:26:39,292:INFO:Starting cross validation
2022-02-06 21:26:39,293:INFO:Cross validating with StratifiedKFold(n_splits=5, random_state=None, shuffle=False), n_jobs=1
2022-02-06 21:26:44,693:INFO:Calculating mean and std
2022-02-06 21:26:44,693:INFO:Creating metrics dataframe
2022-02-06 21:26:44,750:INFO:Uploading results into container
2022-02-06 21:26:44,750:INFO:Uploading model into container now
2022-02-06 21:26:44,750:INFO:create_model_container: 10
2022-02-06 21:26:44,750:INFO:master_model_container: 10
2022-02-06 21:26:44,750:INFO:display_container: 2
2022-02-06 21:26:44,750:INFO:GradientBoostingClassifier(ccp_alpha=0.0, criterion='friedman_mse', init=None,
                           learning_rate=0.1, loss='deviance', max_depth=3,
                           max_features=None, max_leaf_nodes=None,
                           min_impurity_decrease=0.0, min_impurity_split=None,
                           min_samples_leaf=1, min_samples_split=2,
                           min_weight_fraction_leaf=0.0, n_estimators=100,
                           n_iter_no_change=None, presort='deprecated',
                           random_state=6041, subsample=1.0, tol=0.0001,
                           validation_fraction=0.1, verbose=0,
                           warm_start=False)
2022-02-06 21:26:44,750:INFO:create_model() succesfully completed......................................
2022-02-06 21:26:44,828:INFO:SubProcess create_model() end ==================================
2022-02-06 21:26:44,828:INFO:Creating metrics dataframe
2022-02-06 21:26:44,867:INFO:Initializing Linear Discriminant Analysis
2022-02-06 21:26:44,867:INFO:Total runtime is 0.5179057399431864 minutes
2022-02-06 21:26:44,894:INFO:SubProcess create_model() called ==================================
2022-02-06 21:26:44,894:INFO:Initializing create_model()
2022-02-06 21:26:44,895:INFO:create_model(estimator=lda, fold=StratifiedKFold(n_splits=5, random_state=None, shuffle=False), round=4, cross_validation=True, predict=True, fit_kwargs={}, groups=None, refit=False, verbose=False, system=False, metrics=None, add_to_model_list=True, probability_threshold=None, display=<pycaret.internal.Display.Display object at 0x00000183166348E0>, kwargs={})
2022-02-06 21:26:44,895:INFO:Checking exceptions
2022-02-06 21:26:44,895:INFO:Importing libraries
2022-02-06 21:26:44,895:INFO:Copying training dataset
2022-02-06 21:26:44,897:INFO:Defining folds
2022-02-06 21:26:44,897:INFO:Declaring metric variables
2022-02-06 21:26:44,910:INFO:Importing untrained model
2022-02-06 21:26:44,930:INFO:Linear Discriminant Analysis Imported succesfully
2022-02-06 21:26:44,960:INFO:Starting cross validation
2022-02-06 21:26:44,962:INFO:Cross validating with StratifiedKFold(n_splits=5, random_state=None, shuffle=False), n_jobs=1
2022-02-06 21:26:45,317:INFO:Calculating mean and std
2022-02-06 21:26:45,332:INFO:Creating metrics dataframe
2022-02-06 21:26:45,380:INFO:Uploading results into container
2022-02-06 21:26:45,380:INFO:Uploading model into container now
2022-02-06 21:26:45,380:INFO:create_model_container: 11
2022-02-06 21:26:45,380:INFO:master_model_container: 11
2022-02-06 21:26:45,381:INFO:display_container: 2
2022-02-06 21:26:45,381:INFO:LinearDiscriminantAnalysis(n_components=None, priors=None, shrinkage=None,
                           solver='svd', store_covariance=False, tol=0.0001)
2022-02-06 21:26:45,381:INFO:create_model() succesfully completed......................................
2022-02-06 21:26:45,461:INFO:SubProcess create_model() end ==================================
2022-02-06 21:26:45,461:INFO:Creating metrics dataframe
2022-02-06 21:26:45,501:INFO:Initializing Extra Trees Classifier
2022-02-06 21:26:45,501:INFO:Total runtime is 0.528464146455129 minutes
2022-02-06 21:26:45,522:INFO:SubProcess create_model() called ==================================
2022-02-06 21:26:45,522:INFO:Initializing create_model()
2022-02-06 21:26:45,523:INFO:create_model(estimator=et, fold=StratifiedKFold(n_splits=5, random_state=None, shuffle=False), round=4, cross_validation=True, predict=True, fit_kwargs={}, groups=None, refit=False, verbose=False, system=False, metrics=None, add_to_model_list=True, probability_threshold=None, display=<pycaret.internal.Display.Display object at 0x00000183166348E0>, kwargs={})
2022-02-06 21:26:45,523:INFO:Checking exceptions
2022-02-06 21:26:45,523:INFO:Importing libraries
2022-02-06 21:26:45,523:INFO:Copying training dataset
2022-02-06 21:26:45,524:INFO:Defining folds
2022-02-06 21:26:45,525:INFO:Declaring metric variables
2022-02-06 21:26:45,538:INFO:Importing untrained model
2022-02-06 21:26:45,556:INFO:Extra Trees Classifier Imported succesfully
2022-02-06 21:26:45,587:INFO:Starting cross validation
2022-02-06 21:26:45,588:INFO:Cross validating with StratifiedKFold(n_splits=5, random_state=None, shuffle=False), n_jobs=1
2022-02-06 21:26:56,025:INFO:Calculating mean and std
2022-02-06 21:26:56,025:INFO:Creating metrics dataframe
2022-02-06 21:26:56,075:INFO:Uploading results into container
2022-02-06 21:26:56,075:INFO:Uploading model into container now
2022-02-06 21:26:56,075:INFO:create_model_container: 12
2022-02-06 21:26:56,075:INFO:master_model_container: 12
2022-02-06 21:26:56,075:INFO:display_container: 2
2022-02-06 21:26:56,075:INFO:ExtraTreesClassifier(bootstrap=False, ccp_alpha=0.0, class_weight=None,
                     criterion='gini', max_depth=None, max_features='auto',
                     max_leaf_nodes=None, max_samples=None,
                     min_impurity_decrease=0.0, min_impurity_split=None,
                     min_samples_leaf=1, min_samples_split=2,
                     min_weight_fraction_leaf=0.0, n_estimators=100, n_jobs=-1,
                     oob_score=False, random_state=6041, verbose=0,
                     warm_start=False)
2022-02-06 21:26:56,075:INFO:create_model() succesfully completed......................................
2022-02-06 21:26:56,299:INFO:SubProcess create_model() end ==================================
2022-02-06 21:26:56,299:INFO:Creating metrics dataframe
2022-02-06 21:26:56,361:INFO:Initializing Extreme Gradient Boosting
2022-02-06 21:26:56,361:INFO:Total runtime is 0.7094751636187235 minutes
2022-02-06 21:26:56,361:INFO:SubProcess create_model() called ==================================
2022-02-06 21:26:56,361:INFO:Initializing create_model()
2022-02-06 21:26:56,361:INFO:create_model(estimator=xgboost, fold=StratifiedKFold(n_splits=5, random_state=None, shuffle=False), round=4, cross_validation=True, predict=True, fit_kwargs={}, groups=None, refit=False, verbose=False, system=False, metrics=None, add_to_model_list=True, probability_threshold=None, display=<pycaret.internal.Display.Display object at 0x00000183166348E0>, kwargs={})
2022-02-06 21:26:56,361:INFO:Checking exceptions
2022-02-06 21:26:56,361:INFO:Importing libraries
2022-02-06 21:26:56,361:INFO:Copying training dataset
2022-02-06 21:26:56,361:INFO:Defining folds
2022-02-06 21:26:56,361:INFO:Declaring metric variables
2022-02-06 21:26:56,377:INFO:Importing untrained model
2022-02-06 21:26:56,393:INFO:Extreme Gradient Boosting Imported succesfully
2022-02-06 21:26:56,408:INFO:Starting cross validation
2022-02-06 21:26:56,424:INFO:Cross validating with StratifiedKFold(n_splits=5, random_state=None, shuffle=False), n_jobs=1
2022-02-06 21:26:57,253:INFO:Calculating mean and std
2022-02-06 21:26:57,253:INFO:Creating metrics dataframe
2022-02-06 21:26:57,317:INFO:Uploading results into container
2022-02-06 21:26:57,317:INFO:Uploading model into container now
2022-02-06 21:26:57,317:INFO:create_model_container: 13
2022-02-06 21:26:57,317:INFO:master_model_container: 13
2022-02-06 21:26:57,317:INFO:display_container: 2
2022-02-06 21:26:57,317:INFO:XGBClassifier(base_score=None, booster='gbtree', colsample_bylevel=None,
              colsample_bynode=None, colsample_bytree=None,
              enable_categorical=False, gamma=None, gpu_id=None,
              importance_type=None, interaction_constraints=None,
              learning_rate=None, max_delta_step=None, max_depth=None,
              min_child_weight=None, missing=nan, monotone_constraints=None,
              n_estimators=100, n_jobs=-1, num_parallel_tree=None,
              objective='binary:logistic', predictor=None, random_state=6041,
              reg_alpha=None, reg_lambda=None, scale_pos_weight=None,
              subsample=None, tree_method='gpu_hist', use_label_encoder=True,
              validate_parameters=None, verbosity=0)
2022-02-06 21:26:57,317:INFO:create_model() succesfully completed......................................
2022-02-06 21:26:57,412:WARNING:create_model() for XGBClassifier(base_score=None, booster='gbtree', colsample_bylevel=None,
              colsample_bynode=None, colsample_bytree=None,
              enable_categorical=False, gamma=None, gpu_id=None,
              importance_type=None, interaction_constraints=None,
              learning_rate=None, max_delta_step=None, max_depth=None,
              min_child_weight=None, missing=nan, monotone_constraints=None,
              n_estimators=100, n_jobs=-1, num_parallel_tree=None,
              objective='binary:logistic', predictor=None, random_state=6041,
              reg_alpha=None, reg_lambda=None, scale_pos_weight=None,
              subsample=None, tree_method='gpu_hist', use_label_encoder=True,
              validate_parameters=None, verbosity=0) raised an exception or returned all 0.0, trying without fit_kwargs:
2022-02-06 21:26:57,412:WARNING:Traceback (most recent call last):
  File "C:\ProgramData\Anaconda3\envs\pycaret_env\lib\site-packages\pycaret\internal\tabular.py", line 2208, in compare_models
    assert np.sum(model_results.iloc[0]) != 0.0
AssertionError

2022-02-06 21:26:57,412:INFO:Initializing create_model()
2022-02-06 21:26:57,412:INFO:create_model(estimator=xgboost, fold=StratifiedKFold(n_splits=5, random_state=None, shuffle=False), round=4, cross_validation=True, predict=True, fit_kwargs={}, groups=None, refit=False, verbose=False, system=False, metrics=None, add_to_model_list=True, probability_threshold=None, display=<pycaret.internal.Display.Display object at 0x00000183166348E0>, kwargs={})
2022-02-06 21:26:57,412:INFO:Checking exceptions
2022-02-06 21:26:57,412:INFO:Importing libraries
2022-02-06 21:26:57,412:INFO:Copying training dataset
2022-02-06 21:26:57,412:INFO:Defining folds
2022-02-06 21:26:57,412:INFO:Declaring metric variables
2022-02-06 21:26:57,436:INFO:Importing untrained model
2022-02-06 21:26:57,452:INFO:Extreme Gradient Boosting Imported succesfully
2022-02-06 21:26:57,487:INFO:Starting cross validation
2022-02-06 21:26:57,491:INFO:Cross validating with StratifiedKFold(n_splits=5, random_state=None, shuffle=False), n_jobs=1
2022-02-06 21:26:57,678:INFO:Calculating mean and std
2022-02-06 21:26:57,694:INFO:Creating metrics dataframe
2022-02-06 21:26:57,750:INFO:Uploading results into container
2022-02-06 21:26:57,750:INFO:Uploading model into container now
2022-02-06 21:26:57,750:INFO:create_model_container: 14
2022-02-06 21:26:57,750:INFO:master_model_container: 14
2022-02-06 21:26:57,750:INFO:display_container: 2
2022-02-06 21:26:57,750:INFO:XGBClassifier(base_score=None, booster='gbtree', colsample_bylevel=None,
              colsample_bynode=None, colsample_bytree=None,
              enable_categorical=False, gamma=None, gpu_id=None,
              importance_type=None, interaction_constraints=None,
              learning_rate=None, max_delta_step=None, max_depth=None,
              min_child_weight=None, missing=nan, monotone_constraints=None,
              n_estimators=100, n_jobs=-1, num_parallel_tree=None,
              objective='binary:logistic', predictor=None, random_state=6041,
              reg_alpha=None, reg_lambda=None, scale_pos_weight=None,
              subsample=None, tree_method='gpu_hist', use_label_encoder=True,
              validate_parameters=None, verbosity=0)
2022-02-06 21:26:57,750:INFO:create_model() succesfully completed......................................
2022-02-06 21:26:57,858:ERROR:create_model() for XGBClassifier(base_score=None, booster='gbtree', colsample_bylevel=None,
              colsample_bynode=None, colsample_bytree=None,
              enable_categorical=False, gamma=None, gpu_id=None,
              importance_type=None, interaction_constraints=None,
              learning_rate=None, max_delta_step=None, max_depth=None,
              min_child_weight=None, missing=nan, monotone_constraints=None,
              n_estimators=100, n_jobs=-1, num_parallel_tree=None,
              objective='binary:logistic', predictor=None, random_state=6041,
              reg_alpha=None, reg_lambda=None, scale_pos_weight=None,
              subsample=None, tree_method='gpu_hist', use_label_encoder=True,
              validate_parameters=None, verbosity=0) raised an exception or returned all 0.0:
2022-02-06 21:26:57,858:ERROR:Traceback (most recent call last):
  File "C:\ProgramData\Anaconda3\envs\pycaret_env\lib\site-packages\pycaret\internal\tabular.py", line 2208, in compare_models
    assert np.sum(model_results.iloc[0]) != 0.0
AssertionError

During handling of the above exception, another exception occurred:

Traceback (most recent call last):
  File "C:\ProgramData\Anaconda3\envs\pycaret_env\lib\site-packages\pycaret\internal\tabular.py", line 2217, in compare_models
    assert np.sum(model_results.iloc[0]) != 0.0
AssertionError

2022-02-06 21:26:57,858:INFO:Initializing Light Gradient Boosting Machine
2022-02-06 21:26:57,858:INFO:Total runtime is 0.7344178279240926 minutes
2022-02-06 21:26:57,883:INFO:SubProcess create_model() called ==================================
2022-02-06 21:26:57,884:INFO:Initializing create_model()
2022-02-06 21:26:57,884:INFO:create_model(estimator=lightgbm, fold=StratifiedKFold(n_splits=5, random_state=None, shuffle=False), round=4, cross_validation=True, predict=True, fit_kwargs={}, groups=None, refit=False, verbose=False, system=False, metrics=None, add_to_model_list=True, probability_threshold=None, display=<pycaret.internal.Display.Display object at 0x00000183166348E0>, kwargs={})
2022-02-06 21:26:57,884:INFO:Checking exceptions
2022-02-06 21:26:57,885:INFO:Importing libraries
2022-02-06 21:26:57,885:INFO:Copying training dataset
2022-02-06 21:26:57,886:INFO:Defining folds
2022-02-06 21:26:57,887:INFO:Declaring metric variables
2022-02-06 21:26:57,900:INFO:Importing untrained model
2022-02-06 21:26:57,916:INFO:Light Gradient Boosting Machine Imported succesfully
2022-02-06 21:26:57,947:INFO:Starting cross validation
2022-02-06 21:26:57,951:INFO:Cross validating with StratifiedKFold(n_splits=5, random_state=None, shuffle=False), n_jobs=1
2022-02-06 21:27:17,385:INFO:Calculating mean and std
2022-02-06 21:27:17,385:INFO:Creating metrics dataframe
2022-02-06 21:27:17,437:INFO:Uploading results into container
2022-02-06 21:27:17,437:INFO:Uploading model into container now
2022-02-06 21:27:17,437:INFO:create_model_container: 15
2022-02-06 21:27:17,437:INFO:master_model_container: 15
2022-02-06 21:27:17,437:INFO:display_container: 2
2022-02-06 21:27:17,437:INFO:LGBMClassifier(boosting_type='gbdt', class_weight=None, colsample_bytree=1.0,
               device='gpu', importance_type='split', learning_rate=0.1,
               max_depth=-1, min_child_samples=20, min_child_weight=0.001,
               min_split_gain=0.0, n_estimators=100, n_jobs=-1, num_leaves=31,
               objective=None, random_state=6041, reg_alpha=0.0, reg_lambda=0.0,
               silent='warn', subsample=1.0, subsample_for_bin=200000,
               subsample_freq=0)
2022-02-06 21:27:17,437:INFO:create_model() succesfully completed......................................
2022-02-06 21:27:17,536:INFO:SubProcess create_model() end ==================================
2022-02-06 21:27:17,536:INFO:Creating metrics dataframe
2022-02-06 21:27:17,582:INFO:Initializing CatBoost Classifier
2022-02-06 21:27:17,582:INFO:Total runtime is 1.0631582816441854 minutes
2022-02-06 21:27:17,600:INFO:SubProcess create_model() called ==================================
2022-02-06 21:27:17,600:INFO:Initializing create_model()
2022-02-06 21:27:17,601:INFO:create_model(estimator=catboost, fold=StratifiedKFold(n_splits=5, random_state=None, shuffle=False), round=4, cross_validation=True, predict=True, fit_kwargs={}, groups=None, refit=False, verbose=False, system=False, metrics=None, add_to_model_list=True, probability_threshold=None, display=<pycaret.internal.Display.Display object at 0x00000183166348E0>, kwargs={})
2022-02-06 21:27:17,601:INFO:Checking exceptions
2022-02-06 21:27:17,601:INFO:Importing libraries
2022-02-06 21:27:17,602:INFO:Copying training dataset
2022-02-06 21:27:17,603:INFO:Defining folds
2022-02-06 21:27:17,603:INFO:Declaring metric variables
2022-02-06 21:27:17,618:INFO:Importing untrained model
2022-02-06 21:27:17,865:INFO:CatBoost Classifier Imported succesfully
2022-02-06 21:27:17,897:INFO:Starting cross validation
2022-02-06 21:27:18,114:INFO:Cross validating with StratifiedKFold(n_splits=5, random_state=None, shuffle=False), n_jobs=1
2022-02-06 21:27:59,388:INFO:Calculating mean and std
2022-02-06 21:27:59,388:INFO:Creating metrics dataframe
2022-02-06 21:27:59,456:INFO:Uploading results into container
2022-02-06 21:27:59,456:INFO:Uploading model into container now
2022-02-06 21:27:59,456:INFO:create_model_container: 16
2022-02-06 21:27:59,456:INFO:master_model_container: 16
2022-02-06 21:27:59,456:INFO:display_container: 2
2022-02-06 21:27:59,456:INFO:<catboost.core.CatBoostClassifier object at 0x0000018317E36F70>
2022-02-06 21:27:59,456:INFO:create_model() succesfully completed......................................
2022-02-06 21:27:59,559:INFO:SubProcess create_model() end ==================================
2022-02-06 21:27:59,559:INFO:Creating metrics dataframe
2022-02-06 21:27:59,598:INFO:Initializing Dummy Classifier
2022-02-06 21:27:59,598:INFO:Total runtime is 1.7634138067563374 minutes
2022-02-06 21:27:59,626:INFO:SubProcess create_model() called ==================================
2022-02-06 21:27:59,626:INFO:Initializing create_model()
2022-02-06 21:27:59,626:INFO:create_model(estimator=dummy, fold=StratifiedKFold(n_splits=5, random_state=None, shuffle=False), round=4, cross_validation=True, predict=True, fit_kwargs={}, groups=None, refit=False, verbose=False, system=False, metrics=None, add_to_model_list=True, probability_threshold=None, display=<pycaret.internal.Display.Display object at 0x00000183166348E0>, kwargs={})
2022-02-06 21:27:59,626:INFO:Checking exceptions
2022-02-06 21:27:59,627:INFO:Importing libraries
2022-02-06 21:27:59,627:INFO:Copying training dataset
2022-02-06 21:27:59,628:INFO:Defining folds
2022-02-06 21:27:59,628:INFO:Declaring metric variables
2022-02-06 21:27:59,643:INFO:Importing untrained model
2022-02-06 21:27:59,666:INFO:Dummy Classifier Imported succesfully
2022-02-06 21:27:59,698:INFO:Starting cross validation
2022-02-06 21:27:59,700:INFO:Cross validating with StratifiedKFold(n_splits=5, random_state=None, shuffle=False), n_jobs=1
2022-02-06 21:27:59,892:INFO:Calculating mean and std
2022-02-06 21:27:59,892:INFO:Creating metrics dataframe
2022-02-06 21:27:59,948:INFO:Uploading results into container
2022-02-06 21:27:59,948:INFO:Uploading model into container now
2022-02-06 21:27:59,948:INFO:create_model_container: 17
2022-02-06 21:27:59,948:INFO:master_model_container: 17
2022-02-06 21:27:59,948:INFO:display_container: 2
2022-02-06 21:27:59,948:INFO:DummyClassifier(constant=None, random_state=6041, strategy='prior')
2022-02-06 21:27:59,948:INFO:create_model() succesfully completed......................................
2022-02-06 21:28:00,030:INFO:SubProcess create_model() end ==================================
2022-02-06 21:28:00,030:INFO:Creating metrics dataframe
2022-02-06 21:28:00,111:INFO:Initializing create_model()
2022-02-06 21:28:00,111:INFO:create_model(estimator=GradientBoostingClassifier(ccp_alpha=0.0, criterion='friedman_mse', init=None,
                           learning_rate=0.1, loss='deviance', max_depth=3,
                           max_features=None, max_leaf_nodes=None,
                           min_impurity_decrease=0.0, min_impurity_split=None,
                           min_samples_leaf=1, min_samples_split=2,
                           min_weight_fraction_leaf=0.0, n_estimators=100,
                           n_iter_no_change=None, presort='deprecated',
                           random_state=6041, subsample=1.0, tol=0.0001,
                           validation_fraction=0.1, verbose=0,
                           warm_start=False), fold=StratifiedKFold(n_splits=5, random_state=None, shuffle=False), round=4, cross_validation=False, predict=False, fit_kwargs={}, groups=None, refit=True, verbose=False, system=False, metrics=None, add_to_model_list=True, probability_threshold=None, display=None, kwargs={})
2022-02-06 21:28:00,111:INFO:Checking exceptions
2022-02-06 21:28:00,112:INFO:Importing libraries
2022-02-06 21:28:00,112:INFO:Copying training dataset
2022-02-06 21:28:00,115:INFO:Defining folds
2022-02-06 21:28:00,115:INFO:Declaring metric variables
2022-02-06 21:28:00,115:INFO:Importing untrained model
2022-02-06 21:28:00,115:INFO:Declaring custom model
2022-02-06 21:28:00,117:INFO:Gradient Boosting Classifier Imported succesfully
2022-02-06 21:28:00,118:INFO:Cross validation set to False
2022-02-06 21:28:00,118:INFO:Fitting Model
2022-02-06 21:28:01,371:INFO:GradientBoostingClassifier(ccp_alpha=0.0, criterion='friedman_mse', init=None,
                           learning_rate=0.1, loss='deviance', max_depth=3,
                           max_features=None, max_leaf_nodes=None,
                           min_impurity_decrease=0.0, min_impurity_split=None,
                           min_samples_leaf=1, min_samples_split=2,
                           min_weight_fraction_leaf=0.0, n_estimators=100,
                           n_iter_no_change=None, presort='deprecated',
                           random_state=6041, subsample=1.0, tol=0.0001,
                           validation_fraction=0.1, verbose=0,
                           warm_start=False)
2022-02-06 21:28:01,371:INFO:create_models() succesfully completed......................................
2022-02-06 21:28:01,492:INFO:create_model_container: 17
2022-02-06 21:28:01,492:INFO:master_model_container: 17
2022-02-06 21:28:01,492:INFO:display_container: 2
2022-02-06 21:28:01,506:INFO:GradientBoostingClassifier(ccp_alpha=0.0, criterion='friedman_mse', init=None,
                           learning_rate=0.1, loss='deviance', max_depth=3,
                           max_features=None, max_leaf_nodes=None,
                           min_impurity_decrease=0.0, min_impurity_split=None,
                           min_samples_leaf=1, min_samples_split=2,
                           min_weight_fraction_leaf=0.0, n_estimators=100,
                           n_iter_no_change=None, presort='deprecated',
                           random_state=6041, subsample=1.0, tol=0.0001,
                           validation_fraction=0.1, verbose=0,
                           warm_start=False)
2022-02-06 21:28:01,506:INFO:compare_models() succesfully completed......................................
2022-02-06 21:28:01,532:INFO:Initializing create_model()
2022-02-06 21:28:01,533:INFO:create_model(estimator=gbc, fold=5, round=4, cross_validation=True, predict=True, fit_kwargs=None, groups=None, refit=True, verbose=True, system=True, metrics=None, add_to_model_list=True, probability_threshold=None, display=None, kwargs={})
2022-02-06 21:28:01,533:INFO:Checking exceptions
2022-02-06 21:28:01,533:INFO:Preparing display monitor
2022-02-06 21:28:01,582:INFO:Importing libraries
2022-02-06 21:28:01,583:INFO:Copying training dataset
2022-02-06 21:28:01,584:INFO:Defining folds
2022-02-06 21:28:01,585:INFO:Declaring metric variables
2022-02-06 21:28:01,599:INFO:Importing untrained model
2022-02-06 21:28:01,615:INFO:Gradient Boosting Classifier Imported succesfully
2022-02-06 21:28:01,648:INFO:Starting cross validation
2022-02-06 21:28:01,649:INFO:Cross validating with StratifiedKFold(n_splits=5, random_state=None, shuffle=False), n_jobs=1
2022-02-06 21:28:06,919:INFO:Calculating mean and std
2022-02-06 21:28:06,919:INFO:Creating metrics dataframe
2022-02-06 21:28:06,980:INFO:Finalizing model
2022-02-06 21:28:08,371:INFO:Uploading results into container
2022-02-06 21:28:08,371:INFO:Uploading model into container now
2022-02-06 21:28:08,395:INFO:create_model_container: 18
2022-02-06 21:28:08,395:INFO:master_model_container: 18
2022-02-06 21:28:08,396:INFO:display_container: 3
2022-02-06 21:28:08,396:INFO:GradientBoostingClassifier(ccp_alpha=0.0, criterion='friedman_mse', init=None,
                           learning_rate=0.1, loss='deviance', max_depth=3,
                           max_features=None, max_leaf_nodes=None,
                           min_impurity_decrease=0.0, min_impurity_split=None,
                           min_samples_leaf=1, min_samples_split=2,
                           min_weight_fraction_leaf=0.0, n_estimators=100,
                           n_iter_no_change=None, presort='deprecated',
                           random_state=6041, subsample=1.0, tol=0.0001,
                           validation_fraction=0.1, verbose=0,
                           warm_start=False)
2022-02-06 21:28:08,397:INFO:create_model() succesfully completed......................................
2022-02-06 21:28:08,506:INFO:Initializing tune_model()
2022-02-06 21:28:08,506:INFO:tune_model(estimator=GradientBoostingClassifier(ccp_alpha=0.0, criterion='friedman_mse', init=None,
                           learning_rate=0.1, loss='deviance', max_depth=3,
                           max_features=None, max_leaf_nodes=None,
                           min_impurity_decrease=0.0, min_impurity_split=None,
                           min_samples_leaf=1, min_samples_split=2,
                           min_weight_fraction_leaf=0.0, n_estimators=100,
                           n_iter_no_change=None, presort='deprecated',
                           random_state=6041, subsample=1.0, tol=0.0001,
                           validation_fraction=0.1, verbose=0,
                           warm_start=False), fold=5, round=4, n_iter=10, custom_grid={'learning_rate': [0.1, 0.2, 0.5], 'n_estimators': [100, 500, 1000], 'min_samples_split': [1, 2, 5, 10], 'max_depth': [1, 3, 9]}, optimize=AUC, custom_scorer=None, search_library=scikit-learn, search_algorithm=None, early_stopping=False, early_stopping_max_iters=10, choose_better=False, fit_kwargs=None, groups=None, return_tuner=False, verbose=True, tuner_verbose=True, display=None, kwargs={})
2022-02-06 21:28:08,506:INFO:Checking exceptions
2022-02-06 21:28:08,507:INFO:Preparing display monitor
2022-02-06 21:28:08,544:INFO:Copying training dataset
2022-02-06 21:28:08,546:INFO:Checking base model
2022-02-06 21:28:08,547:INFO:Base model : Gradient Boosting Classifier
2022-02-06 21:28:08,564:INFO:Declaring metric variables
2022-02-06 21:28:08,597:INFO:Defining Hyperparameters
2022-02-06 21:28:08,699:INFO:custom_grid: {'actual_estimator__learning_rate': [0.1, 0.2, 0.5], 'actual_estimator__n_estimators': [100, 500, 1000], 'actual_estimator__min_samples_split': [1, 2, 5, 10], 'actual_estimator__max_depth': [1, 3, 9]}
2022-02-06 21:28:08,699:INFO:Tuning with n_jobs=-1
2022-02-06 21:28:08,699:INFO:Initializing RandomizedSearchCV
2022-02-06 21:31:15,355:INFO:best_params: {'actual_estimator__n_estimators': 100, 'actual_estimator__min_samples_split': 5, 'actual_estimator__max_depth': 3, 'actual_estimator__learning_rate': 0.2}
2022-02-06 21:31:15,355:INFO:Hyperparameter search completed
2022-02-06 21:31:15,355:INFO:SubProcess create_model() called ==================================
2022-02-06 21:31:15,355:INFO:Initializing create_model()
2022-02-06 21:31:15,355:INFO:create_model(estimator=GradientBoostingClassifier(ccp_alpha=0.0, criterion='friedman_mse', init=None,
                           learning_rate=0.1, loss='deviance', max_depth=3,
                           max_features=None, max_leaf_nodes=None,
                           min_impurity_decrease=0.0, min_impurity_split=None,
                           min_samples_leaf=1, min_samples_split=2,
                           min_weight_fraction_leaf=0.0, n_estimators=100,
                           n_iter_no_change=None, presort='deprecated',
                           random_state=6041, subsample=1.0, tol=0.0001,
                           validation_fraction=0.1, verbose=0,
                           warm_start=False), fold=StratifiedKFold(n_splits=5, random_state=None, shuffle=False), round=4, cross_validation=True, predict=True, fit_kwargs={}, groups=None, refit=True, verbose=True, system=False, metrics=None, add_to_model_list=True, probability_threshold=None, display=<pycaret.internal.Display.Display object at 0x0000018319EB4610>, kwargs={'n_estimators': 100, 'min_samples_split': 5, 'max_depth': 3, 'learning_rate': 0.2})
2022-02-06 21:31:15,355:INFO:Checking exceptions
2022-02-06 21:31:15,355:INFO:Importing libraries
2022-02-06 21:31:15,355:INFO:Copying training dataset
2022-02-06 21:31:15,371:INFO:Defining folds
2022-02-06 21:31:15,371:INFO:Declaring metric variables
2022-02-06 21:31:15,388:INFO:Importing untrained model
2022-02-06 21:31:15,388:INFO:Declaring custom model
2022-02-06 21:31:15,402:INFO:Gradient Boosting Classifier Imported succesfully
2022-02-06 21:31:15,436:INFO:Starting cross validation
2022-02-06 21:31:15,438:INFO:Cross validating with StratifiedKFold(n_splits=5, random_state=None, shuffle=False), n_jobs=1
2022-02-06 21:31:21,465:INFO:Calculating mean and std
2022-02-06 21:31:21,465:INFO:Creating metrics dataframe
2022-02-06 21:31:21,544:INFO:Finalizing model
2022-02-06 21:31:22,780:INFO:Uploading results into container
2022-02-06 21:31:22,780:INFO:Uploading model into container now
2022-02-06 21:31:22,780:INFO:create_model_container: 19
2022-02-06 21:31:22,780:INFO:master_model_container: 19
2022-02-06 21:31:22,780:INFO:display_container: 4
2022-02-06 21:31:22,780:INFO:GradientBoostingClassifier(ccp_alpha=0.0, criterion='friedman_mse', init=None,
                           learning_rate=0.2, loss='deviance', max_depth=3,
                           max_features=None, max_leaf_nodes=None,
                           min_impurity_decrease=0.0, min_impurity_split=None,
                           min_samples_leaf=1, min_samples_split=5,
                           min_weight_fraction_leaf=0.0, n_estimators=100,
                           n_iter_no_change=None, presort='deprecated',
                           random_state=6041, subsample=1.0, tol=0.0001,
                           validation_fraction=0.1, verbose=0,
                           warm_start=False)
2022-02-06 21:31:22,780:INFO:create_model() succesfully completed......................................
2022-02-06 21:31:22,873:INFO:SubProcess create_model() end ==================================
2022-02-06 21:31:22,904:INFO:create_model_container: 19
2022-02-06 21:31:22,904:INFO:master_model_container: 19
2022-02-06 21:31:22,904:INFO:display_container: 4
2022-02-06 21:31:22,920:INFO:GradientBoostingClassifier(ccp_alpha=0.0, criterion='friedman_mse', init=None,
                           learning_rate=0.2, loss='deviance', max_depth=3,
                           max_features=None, max_leaf_nodes=None,
                           min_impurity_decrease=0.0, min_impurity_split=None,
                           min_samples_leaf=1, min_samples_split=5,
                           min_weight_fraction_leaf=0.0, n_estimators=100,
                           n_iter_no_change=None, presort='deprecated',
                           random_state=6041, subsample=1.0, tol=0.0001,
                           validation_fraction=0.1, verbose=0,
                           warm_start=False)
2022-02-06 21:31:22,920:INFO:tune_model() succesfully completed......................................
2022-02-06 21:31:23,064:INFO:Initializing predict_model()
2022-02-06 21:31:23,064:INFO:predict_model(estimator=GradientBoostingClassifier(ccp_alpha=0.0, criterion='friedman_mse', init=None,
                           learning_rate=0.1, loss='deviance', max_depth=3,
                           max_features=None, max_leaf_nodes=None,
                           min_impurity_decrease=0.0, min_impurity_split=None,
                           min_samples_leaf=1, min_samples_split=2,
                           min_weight_fraction_leaf=0.0, n_estimators=100,
                           n_iter_no_change=None, presort='deprecated',
                           random_state=6041, subsample=1.0, tol=0.0001,
                           validation_fraction=0.1, verbose=0,
                           warm_start=False), probability_threshold=None, encoded_labels=False, drift_report=False, raw_score=False, round=4, verbose=True, ml_usecase=MLUsecase.CLASSIFICATION, display=None)
2022-02-06 21:31:23,065:INFO:Checking exceptions
2022-02-06 21:31:23,065:INFO:Preloading libraries
2022-02-06 21:31:23,065:INFO:Preparing display monitor
2022-02-06 21:31:23,475:INFO:Initializing finalize_model()
2022-02-06 21:31:23,475:INFO:finalize_model(estimator=GradientBoostingClassifier(ccp_alpha=0.0, criterion='friedman_mse', init=None,
                           learning_rate=0.1, loss='deviance', max_depth=3,
                           max_features=None, max_leaf_nodes=None,
                           min_impurity_decrease=0.0, min_impurity_split=None,
                           min_samples_leaf=1, min_samples_split=2,
                           min_weight_fraction_leaf=0.0, n_estimators=100,
                           n_iter_no_change=None, presort='deprecated',
                           random_state=6041, subsample=1.0, tol=0.0001,
                           validation_fraction=0.1, verbose=0,
                           warm_start=False), fit_kwargs=None, groups=None, model_only=True, display=None)
2022-02-06 21:31:23,477:INFO:Finalizing GradientBoostingClassifier(ccp_alpha=0.0, criterion='friedman_mse', init=None,
                           learning_rate=0.1, loss='deviance', max_depth=3,
                           max_features=None, max_leaf_nodes=None,
                           min_impurity_decrease=0.0, min_impurity_split=None,
                           min_samples_leaf=1, min_samples_split=2,
                           min_weight_fraction_leaf=0.0, n_estimators=100,
                           n_iter_no_change=None, presort='deprecated',
                           random_state=6041, subsample=1.0, tol=0.0001,
                           validation_fraction=0.1, verbose=0,
                           warm_start=False)
2022-02-06 21:31:23,478:INFO:Initializing create_model()
2022-02-06 21:31:23,478:INFO:create_model(estimator=GradientBoostingClassifier(ccp_alpha=0.0, criterion='friedman_mse', init=None,
                           learning_rate=0.1, loss='deviance', max_depth=3,
                           max_features=None, max_leaf_nodes=None,
                           min_impurity_decrease=0.0, min_impurity_split=None,
                           min_samples_leaf=1, min_samples_split=2,
                           min_weight_fraction_leaf=0.0, n_estimators=100,
                           n_iter_no_change=None, presort='deprecated',
                           random_state=6041, subsample=1.0, tol=0.0001,
                           validation_fraction=0.1, verbose=0,
                           warm_start=False), fold=None, round=4, cross_validation=True, predict=True, fit_kwargs={}, groups=None, refit=True, verbose=False, system=False, metrics=None, add_to_model_list=False, probability_threshold=None, display=None, kwargs={})
2022-02-06 21:31:23,478:INFO:Checking exceptions
2022-02-06 21:31:23,478:INFO:Importing libraries
2022-02-06 21:31:23,478:INFO:Copying training dataset
2022-02-06 21:31:23,479:INFO:Defining folds
2022-02-06 21:31:23,479:INFO:Declaring metric variables
2022-02-06 21:31:23,479:INFO:Importing untrained model
2022-02-06 21:31:23,479:INFO:Declaring custom model
2022-02-06 21:31:23,481:INFO:Gradient Boosting Classifier Imported succesfully
2022-02-06 21:31:23,481:INFO:Starting cross validation
2022-02-06 21:31:23,482:INFO:Cross validating with StratifiedKFold(n_splits=10, random_state=None, shuffle=False), n_jobs=1
2022-02-06 21:31:40,182:INFO:Calculating mean and std
2022-02-06 21:31:40,182:INFO:Creating metrics dataframe
2022-02-06 21:31:40,229:INFO:Finalizing model
2022-02-06 21:31:41,937:INFO:create_model_container: 19
2022-02-06 21:31:41,937:INFO:master_model_container: 19
2022-02-06 21:31:41,937:INFO:display_container: 5
2022-02-06 21:31:41,937:INFO:GradientBoostingClassifier(ccp_alpha=0.0, criterion='friedman_mse', init=None,
                           learning_rate=0.1, loss='deviance', max_depth=3,
                           max_features=None, max_leaf_nodes=None,
                           min_impurity_decrease=0.0, min_impurity_split=None,
                           min_samples_leaf=1, min_samples_split=2,
                           min_weight_fraction_leaf=0.0, n_estimators=100,
                           n_iter_no_change=None, presort='deprecated',
                           random_state=6041, subsample=1.0, tol=0.0001,
                           validation_fraction=0.1, verbose=0,
                           warm_start=False)
2022-02-06 21:31:41,937:INFO:create_model() succesfully completed......................................
2022-02-06 21:31:42,046:INFO:create_model_container: 19
2022-02-06 21:31:42,046:INFO:master_model_container: 19
2022-02-06 21:31:42,046:INFO:display_container: 4
2022-02-06 21:31:42,046:INFO:GradientBoostingClassifier(ccp_alpha=0.0, criterion='friedman_mse', init=None,
                           learning_rate=0.1, loss='deviance', max_depth=3,
                           max_features=None, max_leaf_nodes=None,
                           min_impurity_decrease=0.0, min_impurity_split=None,
                           min_samples_leaf=1, min_samples_split=2,
                           min_weight_fraction_leaf=0.0, n_estimators=100,
                           n_iter_no_change=None, presort='deprecated',
                           random_state=6041, subsample=1.0, tol=0.0001,
                           validation_fraction=0.1, verbose=0,
                           warm_start=False)
2022-02-06 21:31:42,046:INFO:finalize_model() succesfully completed......................................
2022-02-06 21:31:42,277:INFO:Initializing save_model()
2022-02-06 21:31:42,277:INFO:save_model(model=GradientBoostingClassifier(ccp_alpha=0.0, criterion='friedman_mse', init=None,
                           learning_rate=0.1, loss='deviance', max_depth=3,
                           max_features=None, max_leaf_nodes=None,
                           min_impurity_decrease=0.0, min_impurity_split=None,
                           min_samples_leaf=1, min_samples_split=2,
                           min_weight_fraction_leaf=0.0, n_estimators=100,
                           n_iter_no_change=None, presort='deprecated',
                           random_state=6041, subsample=1.0, tol=0.0001,
                           validation_fraction=0.1, verbose=0,
                           warm_start=False), model_name=model, prep_pipe_=Pipeline(memory=None,
         steps=[('dtypes',
                 DataTypes_Auto_infer(categorical_features=[],
                                      display_types=True, features_todrop=[],
                                      id_columns=[],
                                      ml_usecase='classification',
                                      numerical_features=['yearsAtCompany'],
                                      target='turnover', time_features=[])),
                ('imputer',
                 Simple_Imputer(categorical_strategy='not_available',
                                fill_value_categorical=None,
                                fill_value_numerical=...
                ('P_transform', 'passthrough'), ('binn', 'passthrough'),
                ('rem_outliers', 'passthrough'), ('cluster_all', 'passthrough'),
                ('dummy', Dummify(target='turnover')),
                ('fix_perfect', Remove_100(target='turnover')),
                ('clean_names', Clean_Colum_Names()),
                ('feature_select', 'passthrough'), ('fix_multi', 'passthrough'),
                ('dfs', 'passthrough'), ('pca', 'passthrough')],
         verbose=False), verbose=True, kwargs={})
2022-02-06 21:31:42,277:INFO:Adding model into prep_pipe
2022-02-06 21:31:42,328:INFO:model.pkl saved in current working directory
2022-02-06 21:31:42,346:INFO:Pipeline(memory=None,
         steps=[('dtypes',
                 DataTypes_Auto_infer(categorical_features=[],
                                      display_types=True, features_todrop=[],
                                      id_columns=[],
                                      ml_usecase='classification',
                                      numerical_features=['yearsAtCompany'],
                                      target='turnover', time_features=[])),
                ('imputer',
                 Simple_Imputer(categorical_strategy='not_available',
                                fill_value_categorical=None,
                                fill_value_numerical=...
                                            learning_rate=0.1, loss='deviance',
                                            max_depth=3, max_features=None,
                                            max_leaf_nodes=None,
                                            min_impurity_decrease=0.0,
                                            min_impurity_split=None,
                                            min_samples_leaf=1,
                                            min_samples_split=2,
                                            min_weight_fraction_leaf=0.0,
                                            n_estimators=100,
                                            n_iter_no_change=None,
                                            presort='deprecated',
                                            random_state=6041, subsample=1.0,
                                            tol=0.0001, validation_fraction=0.1,
                                            verbose=0, warm_start=False)]],
         verbose=False)
2022-02-06 21:31:42,346:INFO:save_model() successfully completed......................................
2022-02-06 21:53:34,248:INFO:Initializing load_model()
2022-02-06 21:53:34,249:INFO:load_model(model_name=model, platform=None, authentication=None, verbose=True)
2022-02-06 22:34:46,080:INFO:Initializing load_model()
2022-02-06 22:34:46,096:INFO:load_model(model_name=model, platform=None, authentication=None, verbose=True)
2022-02-07 18:48:33,774:INFO:Initializing load_model()
2022-02-07 18:48:33,797:INFO:load_model(model_name=model, platform=None, authentication=None, verbose=True)
2022-02-07 18:51:08,276:INFO:Initializing load_model()
2022-02-07 18:51:08,276:INFO:load_model(model_name=model, platform=None, authentication=None, verbose=True)
